2023-02-09 14:37:47,226 [Worker-8: Loading available Gradle versions] INFO  o.e.b.c.i.u.g.PublishedGradleVersions - Gradle version information cache is up-to-date. Trying to read.
2023-02-09 14:38:43,283 [Worker-9: Maven プロジェクトのインポート中] INFO  o.e.m.c.i.l.LifecycleMappingFactory - Using org.maven.ide.eclipse.wtp.WarLifecycleMapping lifecycle mapping for MavenProject: com.example:e_commerce:0.0.1-SNAPSHOT @ /Users/samur/Documents/apache-tomcat-9.0.68/webapps/e_commerce/pom.xml.
2023-02-09 14:38:45,636 [Worker-9: Maven プロジェクトのインポート中] INFO  o.e.m.j.i.AbstractJavaProjectConfigurator - Adding source folder /e_commerce/src/main/java
2023-02-09 14:38:45,636 [Worker-9: Maven プロジェクトのインポート中] INFO  o.e.m.j.i.AbstractJavaProjectConfigurator - Adding resource folder /e_commerce/src/main/resources
2023-02-09 14:38:45,637 [Worker-9: Maven プロジェクトのインポート中] INFO  o.e.m.j.i.AbstractJavaProjectConfigurator - Adding resource folder /e_commerce/src/main/resources
2023-02-09 14:38:45,638 [Worker-9: Maven プロジェクトのインポート中] INFO  o.e.m.j.i.AbstractJavaProjectConfigurator - Adding source folder /e_commerce/src/test/java
2023-02-09 14:38:46,173 [Worker-9: Maven プロジェクトのインポート中] INFO  o.e.m.c.i.p.ProjectConfigurationManager - Imported and configured 1 project(s) in 5 sec
2023-02-09 14:38:48,192 [Worker-9: ビルド] INFO  o.a.m.s.f.DefaultMavenResourcesFiltering - Copying 1 resource
2023-02-09 14:38:48,220 [Worker-9: ビルド] INFO  o.a.m.s.f.DefaultMavenResourcesFiltering - Copying 0 resource
2023-02-09 14:38:48,227 [Worker-9: ビルド] INFO  o.a.m.s.f.DefaultMavenResourcesFiltering - skip non existing resourceDirectory /Users/samur/Documents/apache-tomcat-9.0.68/webapps/e_commerce/src/test/resources
2023-02-09 14:40:30,464 [Worker-4: ビルド] INFO  o.a.m.s.f.DefaultMavenResourcesFiltering - Copying 0 resource
2023-02-09 14:40:30,467 [Worker-4: ビルド] INFO  o.a.m.s.f.DefaultMavenResourcesFiltering - skip non existing resourceDirectory /Users/samur/Documents/apache-tomcat-9.0.68/webapps/e_commerce/src/test/resources
2023-02-09 23:22:21,798 [Worker-28: ビルド] INFO  o.a.m.s.f.DefaultMavenResourcesFiltering - Copying 1 resource
2023-02-09 23:22:21,916 [Worker-28: ビルド] INFO  o.a.m.s.f.DefaultMavenResourcesFiltering - Copying 0 resource
2023-02-09 23:22:21,920 [Worker-28: ビルド] INFO  o.a.m.s.f.DefaultMavenResourcesFiltering - skip non existing resourceDirectory /Users/samur/Documents/apache-tomcat-9.0.68/webapps/e_commerce/src/test/resources
2023-02-09 23:28:04,235 [Worker-32: ビルド] INFO  o.a.m.s.f.DefaultMavenResourcesFiltering - Copying 1 resource
2023-02-09 23:28:04,267 [Worker-32: ビルド] INFO  o.a.m.s.f.DefaultMavenResourcesFiltering - Copying 0 resource
2023-02-09 23:28:04,275 [Worker-32: ビルド] INFO  o.a.m.s.f.DefaultMavenResourcesFiltering - skip non existing resourceDirectory /Users/samur/Documents/apache-tomcat-9.0.68/webapps/e_commerce/src/test/resources
2023-02-09 23:29:21,259 [Worker-31: ビルド] INFO  o.a.m.s.f.DefaultMavenResourcesFiltering - Copying 1 resource
2023-02-09 23:29:21,301 [Worker-31: ビルド] INFO  o.a.m.s.f.DefaultMavenResourcesFiltering - Copying 0 resource
2023-02-09 23:29:21,312 [Worker-31: ビルド] INFO  o.a.m.s.f.DefaultMavenResourcesFiltering - skip non existing resourceDirectory /Users/samur/Documents/apache-tomcat-9.0.68/webapps/e_commerce/src/test/resources
2023-02-09 23:29:33,393 [Worker-28: ビルド] INFO  o.a.m.s.f.DefaultMavenResourcesFiltering - Copying 1 resource
2023-02-09 23:29:33,414 [Worker-28: ビルド] INFO  o.a.m.s.f.DefaultMavenResourcesFiltering - Copying 0 resource
2023-02-09 23:29:33,427 [Worker-28: ビルド] INFO  o.a.m.s.f.DefaultMavenResourcesFiltering - skip non existing resourceDirectory /Users/samur/Documents/apache-tomcat-9.0.68/webapps/e_commerce/src/test/resources
2023-02-09 23:31:49,422 [Worker-30: ビルド] INFO  o.a.m.s.f.DefaultMavenResourcesFiltering - Copying 1 resource
2023-02-09 23:31:49,438 [Worker-30: ビルド] INFO  o.a.m.s.f.DefaultMavenResourcesFiltering - Copying 0 resource
2023-02-09 23:31:49,443 [Worker-30: ビルド] INFO  o.a.m.s.f.DefaultMavenResourcesFiltering - skip non existing resourceDirectory /Users/samur/Documents/apache-tomcat-9.0.68/webapps/e_commerce/src/test/resources
2023-02-09 23:31:52,320 [Worker-30: ビルド] INFO  o.a.m.s.f.DefaultMavenResourcesFiltering - Copying 1 resource
2023-02-09 23:31:52,339 [Worker-30: ビルド] INFO  o.a.m.s.f.DefaultMavenResourcesFiltering - Copying 0 resource
2023-02-09 23:31:52,350 [Worker-30: ビルド] INFO  o.a.m.s.f.DefaultMavenResourcesFiltering - skip non existing resourceDirectory /Users/samur/Documents/apache-tomcat-9.0.68/webapps/e_commerce/src/test/resources
2023-02-09 23:40:10,598 [Worker-38: ビルド] INFO  o.a.m.s.f.DefaultMavenResourcesFiltering - Copying 1 resource
2023-02-09 23:40:10,631 [Worker-38: ビルド] INFO  o.a.m.s.f.DefaultMavenResourcesFiltering - Copying 0 resource
2023-02-09 23:40:10,635 [Worker-38: ビルド] INFO  o.a.m.s.f.DefaultMavenResourcesFiltering - skip non existing resourceDirectory /Users/samur/Documents/apache-tomcat-9.0.68/webapps/e_commerce/src/test/resources
2023-02-09 23:40:31,156 [Worker-33: ビルド] INFO  o.a.m.s.f.DefaultMavenResourcesFiltering - Copying 1 resource
2023-02-09 23:40:31,182 [Worker-33: ビルド] INFO  o.a.m.s.f.DefaultMavenResourcesFiltering - Copying 0 resource
2023-02-09 23:40:31,196 [Worker-33: ビルド] INFO  o.a.m.s.f.DefaultMavenResourcesFiltering - skip non existing resourceDirectory /Users/samur/Documents/apache-tomcat-9.0.68/webapps/e_commerce/src/test/resources
2023-02-09 23:46:19,047 [Worker-39: ビルド] INFO  o.a.m.s.f.DefaultMavenResourcesFiltering - Copying 1 resource
2023-02-09 23:46:19,068 [Worker-39: ビルド] INFO  o.a.m.s.f.DefaultMavenResourcesFiltering - Copying 0 resource
2023-02-09 23:46:19,081 [Worker-39: ビルド] INFO  o.a.m.s.f.DefaultMavenResourcesFiltering - skip non existing resourceDirectory /Users/samur/Documents/apache-tomcat-9.0.68/webapps/e_commerce/src/test/resources
2023-02-09 23:47:09,014 [Worker-40: ビルド] INFO  o.a.m.s.f.DefaultMavenResourcesFiltering - Copying 1 resource
2023-02-09 23:47:09,065 [Worker-40: ビルド] INFO  o.a.m.s.f.DefaultMavenResourcesFiltering - Copying 0 resource
2023-02-09 23:47:09,073 [Worker-40: ビルド] INFO  o.a.m.s.f.DefaultMavenResourcesFiltering - skip non existing resourceDirectory /Users/samur/Documents/apache-tomcat-9.0.68/webapps/e_commerce/src/test/resources
2023-02-09 23:47:22,112 [Worker-38: ビルド] INFO  o.a.m.s.f.DefaultMavenResourcesFiltering - Copying 1 resource
2023-02-09 23:47:22,132 [Worker-38: ビルド] INFO  o.a.m.s.f.DefaultMavenResourcesFiltering - Copying 0 resource
2023-02-09 23:47:22,146 [Worker-38: ビルド] INFO  o.a.m.s.f.DefaultMavenResourcesFiltering - skip non existing resourceDirectory /Users/samur/Documents/apache-tomcat-9.0.68/webapps/e_commerce/src/test/resources
2023-02-09 23:48:55,763 [Worker-40: ビルド] INFO  o.a.m.s.f.DefaultMavenResourcesFiltering - Copying 1 resource
2023-02-09 23:48:55,778 [Worker-40: ビルド] INFO  o.a.m.s.f.DefaultMavenResourcesFiltering - Copying 0 resource
2023-02-09 23:48:55,795 [Worker-40: ビルド] INFO  o.a.m.s.f.DefaultMavenResourcesFiltering - skip non existing resourceDirectory /Users/samur/Documents/apache-tomcat-9.0.68/webapps/e_commerce/src/test/resources
2023-02-09 23:49:12,945 [Worker-35: ビルド] INFO  o.a.m.s.f.DefaultMavenResourcesFiltering - Copying 1 resource
2023-02-09 23:49:12,958 [Worker-35: ビルド] INFO  o.a.m.s.f.DefaultMavenResourcesFiltering - Copying 0 resource
2023-02-09 23:49:12,984 [Worker-35: ビルド] INFO  o.a.m.s.f.DefaultMavenResourcesFiltering - skip non existing resourceDirectory /Users/samur/Documents/apache-tomcat-9.0.68/webapps/e_commerce/src/test/resources
2023-02-09 23:51:49,408 [Worker-35: ビルド] INFO  o.a.m.s.f.DefaultMavenResourcesFiltering - Copying 1 resource
2023-02-09 23:51:49,430 [Worker-35: ビルド] INFO  o.a.m.s.f.DefaultMavenResourcesFiltering - Copying 0 resource
2023-02-09 23:51:49,433 [Worker-35: ビルド] INFO  o.a.m.s.f.DefaultMavenResourcesFiltering - skip non existing resourceDirectory /Users/samur/Documents/apache-tomcat-9.0.68/webapps/e_commerce/src/test/resources
2023-02-09 23:52:28,718 [Worker-43: ビルド] INFO  o.a.m.s.f.DefaultMavenResourcesFiltering - Copying 1 resource
2023-02-09 23:52:28,732 [Worker-43: ビルド] INFO  o.a.m.s.f.DefaultMavenResourcesFiltering - Copying 0 resource
2023-02-09 23:52:28,737 [Worker-43: ビルド] INFO  o.a.m.s.f.DefaultMavenResourcesFiltering - skip non existing resourceDirectory /Users/samur/Documents/apache-tomcat-9.0.68/webapps/e_commerce/src/test/resources
2023-02-10 00:06:15,062 [Worker-45: ビルド] INFO  o.a.m.s.f.DefaultMavenResourcesFiltering - Copying 1 resource
2023-02-10 00:06:15,088 [Worker-45: ビルド] INFO  o.a.m.s.f.DefaultMavenResourcesFiltering - Copying 0 resource
2023-02-10 00:06:15,099 [Worker-45: ビルド] INFO  o.a.m.s.f.DefaultMavenResourcesFiltering - skip non existing resourceDirectory /Users/samur/Documents/apache-tomcat-9.0.68/webapps/e_commerce/src/test/resources
2023-02-10 00:18:21,822 [Worker-53: ビルド] INFO  o.a.m.s.f.DefaultMavenResourcesFiltering - Copying 1 resource
2023-02-10 00:18:21,836 [Worker-53: ビルド] INFO  o.a.m.s.f.DefaultMavenResourcesFiltering - Copying 0 resource
2023-02-10 00:18:21,839 [Worker-53: ビルド] INFO  o.a.m.s.f.DefaultMavenResourcesFiltering - skip non existing resourceDirectory /Users/samur/Documents/apache-tomcat-9.0.68/webapps/e_commerce/src/test/resources
2023-02-10 00:20:08,682 [Worker-52: ビルド] INFO  o.a.m.s.f.DefaultMavenResourcesFiltering - Copying 1 resource
2023-02-10 00:20:08,701 [Worker-52: ビルド] INFO  o.a.m.s.f.DefaultMavenResourcesFiltering - Copying 0 resource
2023-02-10 00:20:08,712 [Worker-52: ビルド] INFO  o.a.m.s.f.DefaultMavenResourcesFiltering - skip non existing resourceDirectory /Users/samur/Documents/apache-tomcat-9.0.68/webapps/e_commerce/src/test/resources
2023-02-10 00:21:16,021 [Worker-48: ビルド] INFO  o.a.m.s.f.DefaultMavenResourcesFiltering - Copying 1 resource
2023-02-10 00:21:16,036 [Worker-48: ビルド] INFO  o.a.m.s.f.DefaultMavenResourcesFiltering - Copying 0 resource
2023-02-10 00:21:16,044 [Worker-48: ビルド] INFO  o.a.m.s.f.DefaultMavenResourcesFiltering - skip non existing resourceDirectory /Users/samur/Documents/apache-tomcat-9.0.68/webapps/e_commerce/src/test/resources
2023-02-10 00:22:02,358 [Worker-51: ビルド] INFO  o.a.m.s.f.DefaultMavenResourcesFiltering - Copying 1 resource
2023-02-10 00:22:02,379 [Worker-51: ビルド] INFO  o.a.m.s.f.DefaultMavenResourcesFiltering - Copying 0 resource
2023-02-10 00:22:02,388 [Worker-51: ビルド] INFO  o.a.m.s.f.DefaultMavenResourcesFiltering - skip non existing resourceDirectory /Users/samur/Documents/apache-tomcat-9.0.68/webapps/e_commerce/src/test/resources
2023-02-10 01:17:39,442 [Worker-64: ビルド] INFO  o.a.m.s.f.DefaultMavenResourcesFiltering - Copying 1 resource
2023-02-10 01:17:39,530 [Worker-64: ビルド] INFO  o.a.m.s.f.DefaultMavenResourcesFiltering - Copying 0 resource
2023-02-10 01:17:39,534 [Worker-64: ビルド] INFO  o.a.m.s.f.DefaultMavenResourcesFiltering - skip non existing resourceDirectory /Users/samur/Documents/apache-tomcat-9.0.68/webapps/e_commerce/src/test/resources
2023-02-10 01:20:37,597 [Worker-62: ビルド] INFO  o.a.m.s.f.DefaultMavenResourcesFiltering - Copying 1 resource
2023-02-10 01:20:37,617 [Worker-62: ビルド] INFO  o.a.m.s.f.DefaultMavenResourcesFiltering - Copying 0 resource
2023-02-10 01:20:37,622 [Worker-62: ビルド] INFO  o.a.m.s.f.DefaultMavenResourcesFiltering - skip non existing resourceDirectory /Users/samur/Documents/apache-tomcat-9.0.68/webapps/e_commerce/src/test/resources
2023-02-10 01:24:43,500 [Worker-62: ビルド] INFO  o.a.m.s.f.DefaultMavenResourcesFiltering - Copying 1 resource
2023-02-10 01:24:43,574 [Worker-62: ビルド] INFO  o.a.m.s.f.DefaultMavenResourcesFiltering - Copying 0 resource
2023-02-10 01:24:43,588 [Worker-62: ビルド] INFO  o.a.m.s.f.DefaultMavenResourcesFiltering - skip non existing resourceDirectory /Users/samur/Documents/apache-tomcat-9.0.68/webapps/e_commerce/src/test/resources
2023-02-10 01:42:23,037 [Worker-61: ビルド] INFO  o.a.m.s.f.DefaultMavenResourcesFiltering - Copying 1 resource
2023-02-10 01:42:23,055 [Worker-61: ビルド] INFO  o.a.m.s.f.DefaultMavenResourcesFiltering - Copying 0 resource
2023-02-10 01:42:23,057 [Worker-61: ビルド] INFO  o.a.m.s.f.DefaultMavenResourcesFiltering - skip non existing resourceDirectory /Users/samur/Documents/apache-tomcat-9.0.68/webapps/e_commerce/src/test/resources
2023-02-10 01:43:47,888 [Worker-61: ビルド] INFO  o.a.m.s.f.DefaultMavenResourcesFiltering - Copying 1 resource
2023-02-10 01:43:47,925 [Worker-61: ビルド] INFO  o.a.m.s.f.DefaultMavenResourcesFiltering - Copying 0 resource
2023-02-10 01:43:47,927 [Worker-61: ビルド] INFO  o.a.m.s.f.DefaultMavenResourcesFiltering - skip non existing resourceDirectory /Users/samur/Documents/apache-tomcat-9.0.68/webapps/e_commerce/src/test/resources
2023-02-10 01:45:28,151 [Worker-61: ビルド] INFO  o.a.m.s.f.DefaultMavenResourcesFiltering - Copying 1 resource
2023-02-10 01:45:28,166 [Worker-61: ビルド] INFO  o.a.m.s.f.DefaultMavenResourcesFiltering - Copying 0 resource
2023-02-10 01:45:28,169 [Worker-61: ビルド] INFO  o.a.m.s.f.DefaultMavenResourcesFiltering - skip non existing resourceDirectory /Users/samur/Documents/apache-tomcat-9.0.68/webapps/e_commerce/src/test/resources
2023-02-10 01:48:48,964 [Worker-72: ビルド] INFO  o.a.m.s.f.DefaultMavenResourcesFiltering - Copying 1 resource
2023-02-10 01:48:49,036 [Worker-72: ビルド] INFO  o.a.m.s.f.DefaultMavenResourcesFiltering - Copying 0 resource
2023-02-10 01:48:49,053 [Worker-72: ビルド] INFO  o.a.m.s.f.DefaultMavenResourcesFiltering - skip non existing resourceDirectory /Users/samur/Documents/apache-tomcat-9.0.68/webapps/e_commerce/src/test/resources
2023-02-10 01:50:08,180 [Worker-61: ビルド] INFO  o.a.m.s.f.DefaultMavenResourcesFiltering - Copying 1 resource
2023-02-10 01:50:08,195 [Worker-61: ビルド] INFO  o.a.m.s.f.DefaultMavenResourcesFiltering - Copying 0 resource
2023-02-10 01:50:08,210 [Worker-61: ビルド] INFO  o.a.m.s.f.DefaultMavenResourcesFiltering - skip non existing resourceDirectory /Users/samur/Documents/apache-tomcat-9.0.68/webapps/e_commerce/src/test/resources
2023-02-10 02:17:54,050 [Worker-20: ビルド] INFO  o.a.m.s.f.DefaultMavenResourcesFiltering - Copying 1 resource
2023-02-10 02:17:54,093 [Worker-20: ビルド] INFO  o.a.m.s.f.DefaultMavenResourcesFiltering - Copying 0 resource
2023-02-10 02:17:54,097 [Worker-20: ビルド] INFO  o.a.m.s.f.DefaultMavenResourcesFiltering - skip non existing resourceDirectory /Users/samur/Documents/apache-tomcat-9.0.68/webapps/e_commerce/src/test/resources
2023-02-10 02:19:00,257 [Worker-20: ビルド] INFO  o.a.m.s.f.DefaultMavenResourcesFiltering - Copying 1 resource
2023-02-10 02:19:00,301 [Worker-20: ビルド] INFO  o.a.m.s.f.DefaultMavenResourcesFiltering - Copying 0 resource
2023-02-10 02:19:00,304 [Worker-20: ビルド] INFO  o.a.m.s.f.DefaultMavenResourcesFiltering - skip non existing resourceDirectory /Users/samur/Documents/apache-tomcat-9.0.68/webapps/e_commerce/src/test/resources
2023-02-10 02:19:49,634 [Worker-80: ビルド] INFO  o.a.m.s.f.DefaultMavenResourcesFiltering - Copying 1 resource
2023-02-10 02:19:49,650 [Worker-80: ビルド] INFO  o.a.m.s.f.DefaultMavenResourcesFiltering - Copying 0 resource
2023-02-10 02:19:49,652 [Worker-80: ビルド] INFO  o.a.m.s.f.DefaultMavenResourcesFiltering - skip non existing resourceDirectory /Users/samur/Documents/apache-tomcat-9.0.68/webapps/e_commerce/src/test/resources
2023-02-10 02:20:16,070 [Worker-81: ビルド] INFO  o.a.m.s.f.DefaultMavenResourcesFiltering - Copying 1 resource
2023-02-10 02:20:16,153 [Worker-81: ビルド] INFO  o.a.m.s.f.DefaultMavenResourcesFiltering - Copying 0 resource
2023-02-10 02:20:16,157 [Worker-81: ビルド] INFO  o.a.m.s.f.DefaultMavenResourcesFiltering - skip non existing resourceDirectory /Users/samur/Documents/apache-tomcat-9.0.68/webapps/e_commerce/src/test/resources
2023-02-13 11:08:14,170 [Worker-7: Loading available Gradle versions] INFO  o.e.b.c.i.u.g.PublishedGradleVersions - Gradle version information cache is out-of-date. Trying to update.
2023-02-13 11:08:23,397 [Worker-15: ビルド] INFO  o.a.m.s.f.DefaultMavenResourcesFiltering - Copying 1 resource
2023-02-13 11:08:23,419 [Worker-15: ビルド] INFO  o.a.m.s.f.DefaultMavenResourcesFiltering - Copying 0 resource
2023-02-13 11:08:23,425 [Worker-15: ビルド] INFO  o.a.m.s.f.DefaultMavenResourcesFiltering - skip non existing resourceDirectory /Users/samur/Documents/apache-tomcat-9.0.68/webapps/e_commerce/src/test/resources
2023-02-13 11:19:36,266 [Worker-8: Loading available Gradle versions] INFO  o.e.b.c.i.u.g.PublishedGradleVersions - Gradle version information cache is up-to-date. Trying to read.
